<?xml version="1.0" encoding="UTF-8"?>
<coverage generated="1774356219733" clover="3.2.0">
  <project timestamp="1774356219733" name="All files">
    <metrics statements="150" coveredstatements="142" conditionals="112" coveredconditionals="87" methods="32" coveredmethods="31" elements="294" coveredelements="260" complexity="0" loc="150" ncloc="150" packages="1" files="1" classes="1"/>
    <file name="index.jsx" path="/home/bheisen/Development/react-advanced-state-hook/src/index.jsx">
      <metrics statements="150" coveredstatements="142" conditionals="112" coveredconditionals="87" methods="32" coveredmethods="31"/>
      <line num="21" count="14" type="stmt"/>
      <line num="22" count="14" type="stmt"/>
      <line num="24" count="14" type="stmt"/>
      <line num="31" count="4" type="stmt"/>
      <line num="32" count="4" type="stmt"/>
      <line num="41" count="2" type="stmt"/>
      <line num="42" count="2" type="stmt"/>
      <line num="43" count="4" type="stmt"/>
      <line num="52" count="25" type="stmt"/>
      <line num="60" count="21" type="cond" truecount="2" falsecount="0"/>
      <line num="61" count="14" type="stmt"/>
      <line num="69" count="1" type="stmt"/>
      <line num="81" count="1" type="cond" truecount="1" falsecount="1"/>
      <line num="82" count="1" type="stmt"/>
      <line num="83" count="1" type="stmt"/>
      <line num="92" count="1" type="cond" truecount="3" falsecount="1"/>
      <line num="93" count="1" type="stmt"/>
      <line num="94" count="1" type="stmt"/>
      <line num="95" count="1" type="stmt"/>
      <line num="96" count="1" type="cond" truecount="1" falsecount="1"/>
      <line num="98" count="1" type="cond" truecount="1" falsecount="1"/>
      <line num="99" count="1" type="stmt"/>
      <line num="112" count="15" type="stmt"/>
      <line num="113" count="15" type="cond" truecount="2" falsecount="0"/>
      <line num="114" count="1" type="cond" truecount="1" falsecount="1"/>
      <line num="115" count="14" type="cond" truecount="2" falsecount="0"/>
      <line num="116" count="1" type="cond" truecount="1" falsecount="1"/>
      <line num="118" count="15" type="stmt"/>
      <line num="136" count="13" type="stmt"/>
      <line num="137" count="13" type="stmt"/>
      <line num="138" count="13" type="stmt"/>
      <line num="141" count="13" type="stmt"/>
      <line num="142" count="1" type="cond" truecount="1" falsecount="1"/>
      <line num="143" count="1" type="stmt"/>
      <line num="145" count="1" type="cond" truecount="1" falsecount="1"/>
      <line num="146" count="1" type="stmt"/>
      <line num="151" count="13" type="stmt"/>
      <line num="161" count="13" type="stmt"/>
      <line num="162" count="13" type="cond" truecount="1" falsecount="1"/>
      <line num="164" count="13" type="stmt"/>
      <line num="166" count="13" type="stmt"/>
      <line num="167" count="1" type="stmt"/>
      <line num="170" count="1" type="cond" truecount="3" falsecount="1"/>
      <line num="171" count="0" type="stmt"/>
      <line num="174" count="1" type="stmt"/>
      <line num="175" count="1" type="stmt"/>
      <line num="181" count="1" type="cond" truecount="1" falsecount="1"/>
      <line num="182" count="1" type="stmt"/>
      <line num="186" count="1" type="cond" truecount="1" falsecount="1"/>
      <line num="187" count="1" type="stmt"/>
      <line num="188" count="1" type="cond" truecount="1" falsecount="1"/>
      <line num="189" count="1" type="stmt"/>
      <line num="193" count="0" type="stmt"/>
      <line num="203" count="13" type="stmt"/>
      <line num="219" count="1" type="stmt"/>
      <line num="220" count="1" type="stmt"/>
      <line num="221" count="3" type="stmt"/>
      <line num="222" count="3" type="stmt"/>
      <line num="223" count="3" type="stmt"/>
      <line num="243" count="23" type="stmt"/>
      <line num="246" count="23" type="stmt"/>
      <line num="247" count="23" type="cond" truecount="2" falsecount="0"/>
      <line num="248" count="23" type="stmt"/>
      <line num="258" count="23" type="stmt"/>
      <line num="262" count="23" type="stmt"/>
      <line num="265" count="23" type="stmt"/>
      <line num="267" count="23" type="stmt"/>
      <line num="268" count="14" type="stmt"/>
      <line num="276" count="23" type="stmt"/>
      <line num="278" count="14" type="cond" truecount="4" falsecount="0"/>
      <line num="279" count="7" type="stmt"/>
      <line num="280" count="7" type="cond" truecount="1" falsecount="1"/>
      <line num="281" count="7" type="stmt"/>
      <line num="282" count="7" type="cond" truecount="2" falsecount="0"/>
      <line num="283" count="1" type="stmt"/>
      <line num="285" count="1" type="stmt"/>
      <line num="287" count="1" type="stmt"/>
      <line num="288" count="1" type="stmt"/>
      <line num="291" count="0" type="stmt"/>
      <line num="299" count="13" type="cond" truecount="4" falsecount="0"/>
      <line num="300" count="4" type="stmt"/>
      <line num="301" count="4" type="cond" truecount="2" falsecount="0"/>
      <line num="302" count="1" type="stmt"/>
      <line num="303" count="1" type="stmt"/>
      <line num="308" count="12" type="cond" truecount="1" falsecount="1"/>
      <line num="309" count="12" type="stmt"/>
      <line num="312" count="12" type="stmt"/>
      <line num="315" count="23" type="stmt"/>
      <line num="318" count="23" type="stmt"/>
      <line num="319" count="14" type="cond" truecount="4" falsecount="0"/>
      <line num="320" count="7" type="stmt"/>
      <line num="325" count="7" type="cond" truecount="1" falsecount="1"/>
      <line num="326" count="7" type="stmt"/>
      <line num="328" count="7" type="cond" truecount="2" falsecount="0"/>
      <line num="329" count="6" type="stmt"/>
      <line num="331" count="6" type="stmt"/>
      <line num="332" count="6" type="cond" truecount="1" falsecount="1"/>
      <line num="333" count="6" type="stmt"/>
      <line num="336" count="0" type="stmt"/>
      <line num="352" count="23" type="stmt"/>
      <line num="354" count="7" type="cond" truecount="4" falsecount="0"/>
      <line num="355" count="3" type="cond" truecount="1" falsecount="1"/>
      <line num="356" count="3" type="stmt"/>
      <line num="358" count="3" type="cond" truecount="2" falsecount="0"/>
      <line num="359" count="1" type="stmt"/>
      <line num="361" count="2" type="stmt"/>
      <line num="362" count="2" type="stmt"/>
      <line num="368" count="0" type="stmt"/>
      <line num="376" count="23" type="stmt"/>
      <line num="377" count="14" type="stmt"/>
      <line num="384" count="23" type="stmt"/>
      <line num="385" count="14" type="cond" truecount="4" falsecount="0"/>
      <line num="386" count="4" type="stmt"/>
      <line num="387" count="4" type="cond" truecount="2" falsecount="0"/>
      <line num="388" count="3" type="stmt"/>
      <line num="389" count="3" type="cond" truecount="2" falsecount="0"/>
      <line num="390" count="1" type="stmt"/>
      <line num="394" count="4" type="stmt"/>
      <line num="399" count="23" type="stmt"/>
      <line num="400" count="14" type="cond" truecount="2" falsecount="0"/>
      <line num="405" count="1" type="stmt"/>
      <line num="406" count="1" type="cond" truecount="1" falsecount="1"/>
      <line num="407" count="1" type="cond" truecount="3" falsecount="1"/>
      <line num="408" count="1" type="stmt"/>
      <line num="409" count="1" type="stmt"/>
      <line num="411" count="1" type="stmt"/>
      <line num="412" count="1" type="cond" truecount="1" falsecount="1"/>
      <line num="413" count="0" type="stmt"/>
      <line num="416" count="0" type="stmt"/>
      <line num="424" count="1" type="stmt"/>
      <line num="425" count="1" type="stmt"/>
      <line num="426" count="1" type="stmt"/>
      <line num="433" count="23" type="stmt"/>
      <line num="434" count="23" type="stmt"/>
      <line num="439" count="23" type="stmt"/>
      <line num="441" count="10" type="stmt"/>
      <line num="443" count="10" type="cond" truecount="2" falsecount="0"/>
      <line num="446" count="10" type="cond" truecount="2" falsecount="0"/>
      <line num="447" count="1" type="stmt"/>
      <line num="451" count="9" type="stmt"/>
      <line num="454" count="9" type="cond" truecount="2" falsecount="0"/>
      <line num="459" count="2" type="cond" truecount="1" falsecount="1"/>
      <line num="460" count="2" type="stmt"/>
      <line num="464" count="7" type="stmt"/>
      <line num="468" count="9" type="cond" truecount="1" falsecount="1"/>
      <line num="469" count="9" type="stmt"/>
      <line num="476" count="23" type="stmt"/>
      <line num="477" count="14" type="stmt"/>
      <line num="479" count="0" type="stmt"/>
      <line num="484" count="23" type="stmt"/>
    </file>
  </project>
</coverage>
