{"/home/bheisen/Development/react-advanced-state-hook/src/index.jsx": {"path":"/home/bheisen/Development/react-advanced-state-hook/src/index.jsx","statementMap":{"0":{"start":{"line":21,"column":22},"end":{"line":21,"column":31}},"1":{"start":{"line":22,"column":22},"end":{"line":22,"column":31}},"2":{"start":{"line":24,"column":2},"end":{"line":64,"column":3}},"3":{"start":{"line":31,"column":6},"end":{"line":31,"column":31}},"4":{"start":{"line":32,"column":6},"end":{"line":32,"column":47}},"5":{"start":{"line":32,"column":19},"end":{"line":32,"column":47}},"6":{"start":{"line":41,"column":6},"end":{"line":41,"column":33}},"7":{"start":{"line":42,"column":6},"end":{"line":44,"column":7}},"8":{"start":{"line":43,"column":8},"end":{"line":43,"column":28}},"9":{"start":{"line":52,"column":21},"end":{"line":52,"column":41}},"10":{"start":{"line":60,"column":6},"end":{"line":62,"column":7}},"11":{"start":{"line":61,"column":8},"end":{"line":61,"column":35}},"12":{"start":{"line":69,"column":36},"end":{"line":73,"column":2}},"13":{"start":{"line":81,"column":2},"end":{"line":81,"column":48}},"14":{"start":{"line":81,"column":37},"end":{"line":81,"column":48}},"15":{"start":{"line":82,"column":17},"end":{"line":82,"column":60}},"16":{"start":{"line":83,"column":2},"end":{"line":83,"column":25}},"17":{"start":{"line":92,"column":2},"end":{"line":92,"column":60}},"18":{"start":{"line":92,"column":49},"end":{"line":92,"column":60}},"19":{"start":{"line":93,"column":23},"end":{"line":93,"column":74}},"20":{"start":{"line":94,"column":16},"end":{"line":97,"column":4}},"21":{"start":{"line":95,"column":14},"end":{"line":95,"column":37}},"22":{"start":{"line":96,"column":4},"end":{"line":96,"column":32}},"23":{"start":{"line":98,"column":2},"end":{"line":98,"column":31}},"24":{"start":{"line":98,"column":20},"end":{"line":98,"column":31}},"25":{"start":{"line":99,"column":2},"end":{"line":99,"column":14}},"26":{"start":{"line":112,"column":14},"end":{"line":112,"column":18}},"27":{"start":{"line":113,"column":2},"end":{"line":117,"column":3}},"28":{"start":{"line":114,"column":4},"end":{"line":114,"column":59}},"29":{"start":{"line":115,"column":9},"end":{"line":117,"column":3}},"30":{"start":{"line":116,"column":4},"end":{"line":116,"column":60}},"31":{"start":{"line":118,"column":2},"end":{"line":118,"column":55}},"32":{"start":{"line":136,"column":23},"end":{"line":156,"column":24}},"33":{"start":{"line":137,"column":18},"end":{"line":137,"column":31}},"34":{"start":{"line":138,"column":24},"end":{"line":138,"column":33}},"35":{"start":{"line":141,"column":4},"end":{"line":149,"column":5}},"36":{"start":{"line":142,"column":6},"end":{"line":148,"column":7}},"37":{"start":{"line":143,"column":8},"end":{"line":143,"column":39}},"38":{"start":{"line":145,"column":8},"end":{"line":147,"column":9}},"39":{"start":{"line":146,"column":10},"end":{"line":146,"column":49}},"40":{"start":{"line":151,"column":4},"end":{"line":155,"column":5}},"41":{"start":{"line":161,"column":2},"end":{"line":201,"column":28}},"42":{"start":{"line":162,"column":4},"end":{"line":162,"column":45}},"43":{"start":{"line":162,"column":39},"end":{"line":162,"column":45}},"44":{"start":{"line":164,"column":35},"end":{"line":164,"column":47}},"45":{"start":{"line":166,"column":4},"end":{"line":198,"column":5}},"46":{"start":{"line":167,"column":64},"end":{"line":167,"column":68}},"47":{"start":{"line":170,"column":6},"end":{"line":172,"column":7}},"48":{"start":{"line":171,"column":8},"end":{"line":171,"column":16}},"49":{"start":{"line":174,"column":6},"end":{"line":197,"column":7}},"50":{"start":{"line":175,"column":27},"end":{"line":180,"column":9}},"51":{"start":{"line":181,"column":24},"end":{"line":181,"column":75}},"52":{"start":{"line":182,"column":29},"end":{"line":182,"column":56}},"53":{"start":{"line":186,"column":8},"end":{"line":191,"column":9}},"54":{"start":{"line":187,"column":31},"end":{"line":187,"column":50}},"55":{"start":{"line":188,"column":10},"end":{"line":190,"column":11}},"56":{"start":{"line":189,"column":12},"end":{"line":189,"column":69}},"57":{"start":{"line":193,"column":8},"end":{"line":196,"column":9}},"58":{"start":{"line":203,"column":2},"end":{"line":207,"column":3}},"59":{"start":{"line":219,"column":18},"end":{"line":219,"column":22}},"60":{"start":{"line":220,"column":2},"end":{"line":224,"column":3}},"61":{"start":{"line":221,"column":20},"end":{"line":221,"column":24}},"62":{"start":{"line":222,"column":4},"end":{"line":222,"column":27}},"63":{"start":{"line":223,"column":4},"end":{"line":223,"column":66}},"64":{"start":{"line":223,"column":33},"end":{"line":223,"column":58}},"65":{"start":{"line":243,"column":41},"end":{"line":243,"column":73}},"66":{"start":{"line":246,"column":24},"end":{"line":249,"column":33}},"67":{"start":{"line":247,"column":27},"end":{"line":247,"column":53}},"68":{"start":{"line":248,"column":4},"end":{"line":248,"column":44}},"69":{"start":{"line":258,"column":6},"end":{"line":258,"column":19}},"70":{"start":{"line":262,"column":24},"end":{"line":262,"column":36}},"71":{"start":{"line":265,"column":23},"end":{"line":265,"column":36}},"72":{"start":{"line":267,"column":21},"end":{"line":270,"column":3}},"73":{"start":{"line":268,"column":10},"end":{"line":268,"column":75}},"74":{"start":{"line":276,"column":26},"end":{"line":313,"column":3}},"75":{"start":{"line":278,"column":4},"end":{"line":296,"column":5}},"76":{"start":{"line":279,"column":6},"end":{"line":295,"column":7}},"77":{"start":{"line":280,"column":24},"end":{"line":280,"column":75}},"78":{"start":{"line":281,"column":29},"end":{"line":281,"column":56}},"79":{"start":{"line":282,"column":8},"end":{"line":289,"column":9}},"80":{"start":{"line":283,"column":30},"end":{"line":283,"column":54}},"81":{"start":{"line":285,"column":10},"end":{"line":285,"column":43}},"82":{"start":{"line":287,"column":10},"end":{"line":287,"column":37}},"83":{"start":{"line":288,"column":10},"end":{"line":288,"column":28}},"84":{"start":{"line":291,"column":8},"end":{"line":294,"column":9}},"85":{"start":{"line":299,"column":4},"end":{"line":305,"column":5}},"86":{"start":{"line":300,"column":25},"end":{"line":300,"column":44}},"87":{"start":{"line":301,"column":6},"end":{"line":304,"column":7}},"88":{"start":{"line":302,"column":8},"end":{"line":302,"column":35}},"89":{"start":{"line":303,"column":8},"end":{"line":303,"column":25}},"90":{"start":{"line":308,"column":4},"end":{"line":310,"column":5}},"91":{"start":{"line":309,"column":6},"end":{"line":309,"column":35}},"92":{"start":{"line":312,"column":4},"end":{"line":312,"column":30}},"93":{"start":{"line":315,"column":38},"end":{"line":315,"column":63}},"94":{"start":{"line":318,"column":2},"end":{"line":344,"column":39}},"95":{"start":{"line":319,"column":4},"end":{"line":321,"column":5}},"96":{"start":{"line":320,"column":6},"end":{"line":320,"column":12}},"97":{"start":{"line":325,"column":20},"end":{"line":325,"column":71}},"98":{"start":{"line":326,"column":25},"end":{"line":326,"column":52}},"99":{"start":{"line":328,"column":4},"end":{"line":341,"column":5}},"100":{"start":{"line":329,"column":6},"end":{"line":340,"column":7}},"101":{"start":{"line":331,"column":29},"end":{"line":331,"column":48}},"102":{"start":{"line":332,"column":8},"end":{"line":334,"column":9}},"103":{"start":{"line":333,"column":10},"end":{"line":333,"column":67}},"104":{"start":{"line":336,"column":8},"end":{"line":339,"column":9}},"105":{"start":{"line":352,"column":22},"end":{"line":373,"column":3}},"106":{"start":{"line":354,"column":6},"end":{"line":370,"column":7}},"107":{"start":{"line":355,"column":24},"end":{"line":355,"column":75}},"108":{"start":{"line":356,"column":8},"end":{"line":369,"column":9}},"109":{"start":{"line":358,"column":10},"end":{"line":363,"column":11}},"110":{"start":{"line":359,"column":12},"end":{"line":359,"column":42}},"111":{"start":{"line":361,"column":33},"end":{"line":361,"column":57}},"112":{"start":{"line":362,"column":12},"end":{"line":362,"column":53}},"113":{"start":{"line":368,"column":10},"end":{"line":368,"column":78}},"114":{"start":{"line":376,"column":2},"end":{"line":379,"column":34}},"115":{"start":{"line":377,"column":4},"end":{"line":378,"column":76}},"116":{"start":{"line":384,"column":2},"end":{"line":396,"column":26}},"117":{"start":{"line":385,"column":4},"end":{"line":395,"column":5}},"118":{"start":{"line":386,"column":26},"end":{"line":393,"column":8}},"119":{"start":{"line":387,"column":8},"end":{"line":392,"column":9}},"120":{"start":{"line":388,"column":10},"end":{"line":391,"column":12}},"121":{"start":{"line":389,"column":12},"end":{"line":389,"column":54}},"122":{"start":{"line":389,"column":43},"end":{"line":389,"column":54}},"123":{"start":{"line":390,"column":12},"end":{"line":390,"column":27}},"124":{"start":{"line":394,"column":6},"end":{"line":394,"column":24}},"125":{"start":{"line":399,"column":2},"end":{"line":429,"column":47}},"126":{"start":{"line":400,"column":4},"end":{"line":428,"column":5}},"127":{"start":{"line":405,"column":34},"end":{"line":422,"column":7}},"128":{"start":{"line":406,"column":29},"end":{"line":406,"column":80}},"129":{"start":{"line":407,"column":8},"end":{"line":421,"column":9}},"130":{"start":{"line":408,"column":10},"end":{"line":420,"column":11}},"131":{"start":{"line":409,"column":29},"end":{"line":409,"column":55}},"132":{"start":{"line":411,"column":12},"end":{"line":411,"column":35}},"133":{"start":{"line":412,"column":12},"end":{"line":414,"column":13}},"134":{"start":{"line":413,"column":14},"end":{"line":413,"column":43}},"135":{"start":{"line":416,"column":12},"end":{"line":419,"column":13}},"136":{"start":{"line":424,"column":6},"end":{"line":424,"column":61}},"137":{"start":{"line":425,"column":6},"end":{"line":427,"column":7}},"138":{"start":{"line":426,"column":8},"end":{"line":426,"column":66}},"139":{"start":{"line":433,"column":25},"end":{"line":433,"column":43}},"140":{"start":{"line":434,"column":2},"end":{"line":434,"column":37}},"141":{"start":{"line":439,"column":16},"end":{"line":473,"column":3}},"142":{"start":{"line":441,"column":19},"end":{"line":441,"column":41}},"143":{"start":{"line":443,"column":8},"end":{"line":443,"column":69}},"144":{"start":{"line":446,"column":6},"end":{"line":448,"column":7}},"145":{"start":{"line":447,"column":8},"end":{"line":447,"column":14}},"146":{"start":{"line":451,"column":6},"end":{"line":451,"column":29}},"147":{"start":{"line":454,"column":6},"end":{"line":465,"column":7}},"148":{"start":{"line":459,"column":8},"end":{"line":461,"column":9}},"149":{"start":{"line":460,"column":10},"end":{"line":460,"column":39}},"150":{"start":{"line":464,"column":8},"end":{"line":464,"column":38}},"151":{"start":{"line":468,"column":6},"end":{"line":470,"column":7}},"152":{"start":{"line":469,"column":8},"end":{"line":469,"column":39}},"153":{"start":{"line":476,"column":15},"end":{"line":482,"column":3}},"154":{"start":{"line":477,"column":11},"end":{"line":480,"column":5}},"155":{"start":{"line":479,"column":17},"end":{"line":479,"column":36}},"156":{"start":{"line":484,"column":2},"end":{"line":484,"column":34}}},"fnMap":{"0":{"name":"createStore","decl":{"start":{"line":20,"column":9},"end":{"line":20,"column":20}},"loc":{"start":{"line":20,"column":24},"end":{"line":65,"column":1}},"line":20},"1":{"name":"(anonymous_1)","decl":{"start":{"line":30,"column":15},"end":{"line":30,"column":16}},"loc":{"start":{"line":30,"column":27},"end":{"line":33,"column":5}},"line":30},"2":{"name":"(anonymous_2)","decl":{"start":{"line":32,"column":13},"end":{"line":32,"column":14}},"loc":{"start":{"line":32,"column":19},"end":{"line":32,"column":47}},"line":32},"3":{"name":"(anonymous_3)","decl":{"start":{"line":40,"column":14},"end":{"line":40,"column":15}},"loc":{"start":{"line":40,"column":30},"end":{"line":45,"column":5}},"line":40},"4":{"name":"(anonymous_4)","decl":{"start":{"line":52,"column":14},"end":{"line":52,"column":15}},"loc":{"start":{"line":52,"column":21},"end":{"line":52,"column":41}},"line":52},"5":{"name":"(anonymous_5)","decl":{"start":{"line":59,"column":15},"end":{"line":59,"column":16}},"loc":{"start":{"line":59,"column":31},"end":{"line":63,"column":5}},"line":59},"6":{"name":"getUrlParam","decl":{"start":{"line":80,"column":9},"end":{"line":80,"column":20}},"loc":{"start":{"line":80,"column":28},"end":{"line":84,"column":1}},"line":80},"7":{"name":"parsePathScope","decl":{"start":{"line":91,"column":9},"end":{"line":91,"column":23}},"loc":{"start":{"line":91,"column":34},"end":{"line":100,"column":1}},"line":91},"8":{"name":"(anonymous_8)","decl":{"start":{"line":94,"column":44},"end":{"line":94,"column":45}},"loc":{"start":{"line":94,"column":62},"end":{"line":97,"column":3}},"line":94},"9":{"name":"getScopedStorageKey","decl":{"start":{"line":111,"column":9},"end":{"line":111,"column":28}},"loc":{"start":{"line":111,"column":76},"end":{"line":119,"column":1}},"line":111},"10":{"name":"AdvancedStateProvider","decl":{"start":{"line":131,"column":16},"end":{"line":131,"column":37}},"loc":{"start":{"line":135,"column":3},"end":{"line":208,"column":1}},"line":135},"11":{"name":"(anonymous_11)","decl":{"start":{"line":136,"column":31},"end":{"line":136,"column":32}},"loc":{"start":{"line":136,"column":37},"end":{"line":156,"column":3}},"line":136},"12":{"name":"(anonymous_12)","decl":{"start":{"line":161,"column":12},"end":{"line":161,"column":13}},"loc":{"start":{"line":161,"column":18},"end":{"line":201,"column":3}},"line":161},"13":{"name":"debounce","decl":{"start":{"line":218,"column":9},"end":{"line":218,"column":17}},"loc":{"start":{"line":218,"column":32},"end":{"line":225,"column":1}},"line":218},"14":{"name":"(anonymous_14)","decl":{"start":{"line":220,"column":9},"end":{"line":220,"column":10}},"loc":{"start":{"line":220,"column":28},"end":{"line":224,"column":3}},"line":220},"15":{"name":"(anonymous_15)","decl":{"start":{"line":223,"column":27},"end":{"line":223,"column":28}},"loc":{"start":{"line":223,"column":33},"end":{"line":223,"column":58}},"line":223},"16":{"name":"useAdvancedState","decl":{"start":{"line":241,"column":16},"end":{"line":241,"column":32}},"loc":{"start":{"line":241,"column":53},"end":{"line":485,"column":1}},"line":241},"17":{"name":"(anonymous_17)","decl":{"start":{"line":246,"column":32},"end":{"line":246,"column":33}},"loc":{"start":{"line":246,"column":38},"end":{"line":249,"column":3}},"line":246},"18":{"name":"(anonymous_18)","decl":{"start":{"line":268,"column":4},"end":{"line":268,"column":5}},"loc":{"start":{"line":268,"column":10},"end":{"line":268,"column":75}},"line":268},"19":{"name":"(anonymous_19)","decl":{"start":{"line":276,"column":26},"end":{"line":276,"column":27}},"loc":{"start":{"line":276,"column":32},"end":{"line":313,"column":3}},"line":276},"20":{"name":"(anonymous_20)","decl":{"start":{"line":318,"column":12},"end":{"line":318,"column":13}},"loc":{"start":{"line":318,"column":18},"end":{"line":344,"column":3}},"line":318},"21":{"name":"(anonymous_21)","decl":{"start":{"line":353,"column":4},"end":{"line":353,"column":5}},"loc":{"start":{"line":353,"column":16},"end":{"line":371,"column":5}},"line":353},"22":{"name":"(anonymous_22)","decl":{"start":{"line":376,"column":12},"end":{"line":376,"column":13}},"loc":{"start":{"line":376,"column":18},"end":{"line":379,"column":3}},"line":376},"23":{"name":"(anonymous_23)","decl":{"start":{"line":384,"column":12},"end":{"line":384,"column":13}},"loc":{"start":{"line":384,"column":18},"end":{"line":396,"column":3}},"line":384},"24":{"name":"(anonymous_24)","decl":{"start":{"line":386,"column":42},"end":{"line":386,"column":43}},"loc":{"start":{"line":386,"column":68},"end":{"line":393,"column":7}},"line":386},"25":{"name":"(anonymous_25)","decl":{"start":{"line":388,"column":24},"end":{"line":388,"column":25}},"loc":{"start":{"line":388,"column":32},"end":{"line":391,"column":11}},"line":388},"26":{"name":"(anonymous_26)","decl":{"start":{"line":399,"column":12},"end":{"line":399,"column":13}},"loc":{"start":{"line":399,"column":18},"end":{"line":429,"column":3}},"line":399},"27":{"name":"(anonymous_27)","decl":{"start":{"line":405,"column":34},"end":{"line":405,"column":35}},"loc":{"start":{"line":405,"column":43},"end":{"line":422,"column":7}},"line":405},"28":{"name":"(anonymous_28)","decl":{"start":{"line":425,"column":13},"end":{"line":425,"column":14}},"loc":{"start":{"line":425,"column":19},"end":{"line":427,"column":7}},"line":425},"29":{"name":"(anonymous_29)","decl":{"start":{"line":440,"column":4},"end":{"line":440,"column":5}},"loc":{"start":{"line":440,"column":17},"end":{"line":471,"column":5}},"line":440},"30":{"name":"(anonymous_30)","decl":{"start":{"line":477,"column":4},"end":{"line":477,"column":5}},"loc":{"start":{"line":477,"column":11},"end":{"line":480,"column":5}},"line":477},"31":{"name":"(anonymous_31)","decl":{"start":{"line":479,"column":11},"end":{"line":479,"column":12}},"loc":{"start":{"line":479,"column":17},"end":{"line":479,"column":36}},"line":479}},"branchMap":{"0":{"loc":{"start":{"line":60,"column":6},"end":{"line":62,"column":7}},"type":"if","locations":[{"start":{"line":60,"column":6},"end":{"line":62,"column":7}},{"start":{},"end":{}}],"line":60},"1":{"loc":{"start":{"line":81,"column":2},"end":{"line":81,"column":48}},"type":"if","locations":[{"start":{"line":81,"column":2},"end":{"line":81,"column":48}},{"start":{},"end":{}}],"line":81},"2":{"loc":{"start":{"line":92,"column":2},"end":{"line":92,"column":60}},"type":"if","locations":[{"start":{"line":92,"column":2},"end":{"line":92,"column":60}},{"start":{},"end":{}}],"line":92},"3":{"loc":{"start":{"line":92,"column":6},"end":{"line":92,"column":47}},"type":"binary-expr","locations":[{"start":{"line":92,"column":6},"end":{"line":92,"column":35}},{"start":{"line":92,"column":39},"end":{"line":92,"column":47}}],"line":92},"4":{"loc":{"start":{"line":96,"column":11},"end":{"line":96,"column":32}},"type":"binary-expr","locations":[{"start":{"line":96,"column":11},"end":{"line":96,"column":26}},{"start":{"line":96,"column":30},"end":{"line":96,"column":32}}],"line":96},"5":{"loc":{"start":{"line":98,"column":2},"end":{"line":98,"column":31}},"type":"if","locations":[{"start":{"line":98,"column":2},"end":{"line":98,"column":31}},{"start":{},"end":{}}],"line":98},"6":{"loc":{"start":{"line":113,"column":2},"end":{"line":117,"column":3}},"type":"if","locations":[{"start":{"line":113,"column":2},"end":{"line":117,"column":3}},{"start":{"line":115,"column":9},"end":{"line":117,"column":3}}],"line":113},"7":{"loc":{"start":{"line":114,"column":12},"end":{"line":114,"column":59}},"type":"binary-expr","locations":[{"start":{"line":114,"column":12},"end":{"line":114,"column":40}},{"start":{"line":114,"column":44},"end":{"line":114,"column":59}}],"line":114},"8":{"loc":{"start":{"line":115,"column":9},"end":{"line":117,"column":3}},"type":"if","locations":[{"start":{"line":115,"column":9},"end":{"line":117,"column":3}},{"start":{},"end":{}}],"line":115},"9":{"loc":{"start":{"line":116,"column":12},"end":{"line":116,"column":60}},"type":"binary-expr","locations":[{"start":{"line":116,"column":12},"end":{"line":116,"column":42}},{"start":{"line":116,"column":46},"end":{"line":116,"column":60}}],"line":116},"10":{"loc":{"start":{"line":133,"column":2},"end":{"line":133,"column":21}},"type":"default-arg","locations":[{"start":{"line":133,"column":11},"end":{"line":133,"column":21}}],"line":133},"11":{"loc":{"start":{"line":134,"column":2},"end":{"line":134,"column":15}},"type":"default-arg","locations":[{"start":{"line":134,"column":13},"end":{"line":134,"column":15}}],"line":134},"12":{"loc":{"start":{"line":142,"column":6},"end":{"line":148,"column":7}},"type":"if","locations":[{"start":{"line":142,"column":6},"end":{"line":148,"column":7}},{"start":{},"end":{}}],"line":142},"13":{"loc":{"start":{"line":145,"column":8},"end":{"line":147,"column":9}},"type":"if","locations":[{"start":{"line":145,"column":8},"end":{"line":147,"column":9}},{"start":{},"end":{}}],"line":145},"14":{"loc":{"start":{"line":162,"column":4},"end":{"line":162,"column":45}},"type":"if","locations":[{"start":{"line":162,"column":4},"end":{"line":162,"column":45}},{"start":{},"end":{}}],"line":162},"15":{"loc":{"start":{"line":170,"column":6},"end":{"line":172,"column":7}},"type":"if","locations":[{"start":{"line":170,"column":6},"end":{"line":172,"column":7}},{"start":{},"end":{}}],"line":170},"16":{"loc":{"start":{"line":170,"column":10},"end":{"line":170,"column":26}},"type":"binary-expr","locations":[{"start":{"line":170,"column":10},"end":{"line":170,"column":18}},{"start":{"line":170,"column":22},"end":{"line":170,"column":26}}],"line":170},"17":{"loc":{"start":{"line":181,"column":24},"end":{"line":181,"column":75}},"type":"cond-expr","locations":[{"start":{"line":181,"column":46},"end":{"line":181,"column":58}},{"start":{"line":181,"column":61},"end":{"line":181,"column":75}}],"line":181},"18":{"loc":{"start":{"line":186,"column":8},"end":{"line":191,"column":9}},"type":"if","locations":[{"start":{"line":186,"column":8},"end":{"line":191,"column":9}},{"start":{},"end":{}}],"line":186},"19":{"loc":{"start":{"line":188,"column":10},"end":{"line":190,"column":11}},"type":"if","locations":[{"start":{"line":188,"column":10},"end":{"line":190,"column":11}},{"start":{},"end":{}}],"line":188},"20":{"loc":{"start":{"line":241,"column":39},"end":{"line":241,"column":51}},"type":"default-arg","locations":[{"start":{"line":241,"column":49},"end":{"line":241,"column":51}}],"line":241},"21":{"loc":{"start":{"line":247,"column":27},"end":{"line":247,"column":53}},"type":"binary-expr","locations":[{"start":{"line":247,"column":27},"end":{"line":247,"column":47}},{"start":{"line":247,"column":51},"end":{"line":247,"column":53}}],"line":247},"22":{"loc":{"start":{"line":255,"column":14},"end":{"line":255,"column":31}},"type":"default-arg","locations":[{"start":{"line":255,"column":30},"end":{"line":255,"column":31}}],"line":255},"23":{"loc":{"start":{"line":278,"column":4},"end":{"line":296,"column":5}},"type":"if","locations":[{"start":{"line":278,"column":4},"end":{"line":296,"column":5}},{"start":{},"end":{}}],"line":278},"24":{"loc":{"start":{"line":278,"column":8},"end":{"line":278,"column":48}},"type":"binary-expr","locations":[{"start":{"line":278,"column":8},"end":{"line":278,"column":15}},{"start":{"line":278,"column":19},"end":{"line":278,"column":48}}],"line":278},"25":{"loc":{"start":{"line":280,"column":24},"end":{"line":280,"column":75}},"type":"cond-expr","locations":[{"start":{"line":280,"column":46},"end":{"line":280,"column":58}},{"start":{"line":280,"column":61},"end":{"line":280,"column":75}}],"line":280},"26":{"loc":{"start":{"line":282,"column":8},"end":{"line":289,"column":9}},"type":"if","locations":[{"start":{"line":282,"column":8},"end":{"line":289,"column":9}},{"start":{},"end":{}}],"line":282},"27":{"loc":{"start":{"line":299,"column":4},"end":{"line":305,"column":5}},"type":"if","locations":[{"start":{"line":299,"column":4},"end":{"line":305,"column":5}},{"start":{},"end":{}}],"line":299},"28":{"loc":{"start":{"line":299,"column":8},"end":{"line":299,"column":76}},"type":"binary-expr","locations":[{"start":{"line":299,"column":8},"end":{"line":299,"column":36}},{"start":{"line":299,"column":40},"end":{"line":299,"column":76}}],"line":299},"29":{"loc":{"start":{"line":301,"column":6},"end":{"line":304,"column":7}},"type":"if","locations":[{"start":{"line":301,"column":6},"end":{"line":304,"column":7}},{"start":{},"end":{}}],"line":301},"30":{"loc":{"start":{"line":308,"column":4},"end":{"line":310,"column":5}},"type":"if","locations":[{"start":{"line":308,"column":4},"end":{"line":310,"column":5}},{"start":{},"end":{}}],"line":308},"31":{"loc":{"start":{"line":319,"column":4},"end":{"line":321,"column":5}},"type":"if","locations":[{"start":{"line":319,"column":4},"end":{"line":321,"column":5}},{"start":{},"end":{}}],"line":319},"32":{"loc":{"start":{"line":319,"column":8},"end":{"line":319,"column":49}},"type":"binary-expr","locations":[{"start":{"line":319,"column":8},"end":{"line":319,"column":16}},{"start":{"line":319,"column":20},"end":{"line":319,"column":49}}],"line":319},"33":{"loc":{"start":{"line":325,"column":20},"end":{"line":325,"column":71}},"type":"cond-expr","locations":[{"start":{"line":325,"column":42},"end":{"line":325,"column":54}},{"start":{"line":325,"column":57},"end":{"line":325,"column":71}}],"line":325},"34":{"loc":{"start":{"line":328,"column":4},"end":{"line":341,"column":5}},"type":"if","locations":[{"start":{"line":328,"column":4},"end":{"line":341,"column":5}},{"start":{},"end":{}}],"line":328},"35":{"loc":{"start":{"line":332,"column":8},"end":{"line":334,"column":9}},"type":"if","locations":[{"start":{"line":332,"column":8},"end":{"line":334,"column":9}},{"start":{},"end":{}}],"line":332},"36":{"loc":{"start":{"line":354,"column":6},"end":{"line":370,"column":7}},"type":"if","locations":[{"start":{"line":354,"column":6},"end":{"line":370,"column":7}},{"start":{},"end":{}}],"line":354},"37":{"loc":{"start":{"line":354,"column":10},"end":{"line":354,"column":50}},"type":"binary-expr","locations":[{"start":{"line":354,"column":10},"end":{"line":354,"column":17}},{"start":{"line":354,"column":21},"end":{"line":354,"column":50}}],"line":354},"38":{"loc":{"start":{"line":355,"column":24},"end":{"line":355,"column":75}},"type":"cond-expr","locations":[{"start":{"line":355,"column":46},"end":{"line":355,"column":58}},{"start":{"line":355,"column":61},"end":{"line":355,"column":75}}],"line":355},"39":{"loc":{"start":{"line":358,"column":10},"end":{"line":363,"column":11}},"type":"if","locations":[{"start":{"line":358,"column":10},"end":{"line":363,"column":11}},{"start":{"line":360,"column":17},"end":{"line":363,"column":11}}],"line":358},"40":{"loc":{"start":{"line":378,"column":6},"end":{"line":378,"column":76}},"type":"cond-expr","locations":[{"start":{"line":378,"column":26},"end":{"line":378,"column":62}},{"start":{"line":378,"column":65},"end":{"line":378,"column":76}}],"line":378},"41":{"loc":{"start":{"line":385,"column":4},"end":{"line":395,"column":5}},"type":"if","locations":[{"start":{"line":385,"column":4},"end":{"line":395,"column":5}},{"start":{},"end":{}}],"line":385},"42":{"loc":{"start":{"line":385,"column":8},"end":{"line":385,"column":76}},"type":"binary-expr","locations":[{"start":{"line":385,"column":8},"end":{"line":385,"column":36}},{"start":{"line":385,"column":40},"end":{"line":385,"column":76}}],"line":385},"43":{"loc":{"start":{"line":387,"column":8},"end":{"line":392,"column":9}},"type":"if","locations":[{"start":{"line":387,"column":8},"end":{"line":392,"column":9}},{"start":{},"end":{}}],"line":387},"44":{"loc":{"start":{"line":389,"column":12},"end":{"line":389,"column":54}},"type":"if","locations":[{"start":{"line":389,"column":12},"end":{"line":389,"column":54}},{"start":{},"end":{}}],"line":389},"45":{"loc":{"start":{"line":400,"column":4},"end":{"line":428,"column":5}},"type":"if","locations":[{"start":{"line":400,"column":4},"end":{"line":428,"column":5}},{"start":{},"end":{}}],"line":400},"46":{"loc":{"start":{"line":401,"column":6},"end":{"line":403,"column":35}},"type":"binary-expr","locations":[{"start":{"line":401,"column":7},"end":{"line":401,"column":29}},{"start":{"line":401,"column":33},"end":{"line":401,"column":69}},{"start":{"line":402,"column":6},"end":{"line":402,"column":13}},{"start":{"line":403,"column":6},"end":{"line":403,"column":35}}],"line":401},"47":{"loc":{"start":{"line":406,"column":29},"end":{"line":406,"column":80}},"type":"cond-expr","locations":[{"start":{"line":406,"column":51},"end":{"line":406,"column":65}},{"start":{"line":406,"column":68},"end":{"line":406,"column":80}}],"line":406},"48":{"loc":{"start":{"line":407,"column":8},"end":{"line":421,"column":9}},"type":"if","locations":[{"start":{"line":407,"column":8},"end":{"line":421,"column":9}},{"start":{},"end":{}}],"line":407},"49":{"loc":{"start":{"line":407,"column":12},"end":{"line":407,"column":74}},"type":"binary-expr","locations":[{"start":{"line":407,"column":12},"end":{"line":407,"column":46}},{"start":{"line":407,"column":50},"end":{"line":407,"column":74}}],"line":407},"50":{"loc":{"start":{"line":412,"column":12},"end":{"line":414,"column":13}},"type":"if","locations":[{"start":{"line":412,"column":12},"end":{"line":414,"column":13}},{"start":{},"end":{}}],"line":412},"51":{"loc":{"start":{"line":443,"column":8},"end":{"line":443,"column":69}},"type":"cond-expr","locations":[{"start":{"line":443,"column":42},"end":{"line":443,"column":57}},{"start":{"line":443,"column":60},"end":{"line":443,"column":69}}],"line":443},"52":{"loc":{"start":{"line":446,"column":6},"end":{"line":448,"column":7}},"type":"if","locations":[{"start":{"line":446,"column":6},"end":{"line":448,"column":7}},{"start":{},"end":{}}],"line":446},"53":{"loc":{"start":{"line":454,"column":6},"end":{"line":465,"column":7}},"type":"if","locations":[{"start":{"line":454,"column":6},"end":{"line":465,"column":7}},{"start":{"line":462,"column":13},"end":{"line":465,"column":7}}],"line":454},"54":{"loc":{"start":{"line":455,"column":8},"end":{"line":456,"column":44}},"type":"binary-expr","locations":[{"start":{"line":455,"column":8},"end":{"line":455,"column":36}},{"start":{"line":456,"column":8},"end":{"line":456,"column":44}}],"line":455},"55":{"loc":{"start":{"line":459,"column":8},"end":{"line":461,"column":9}},"type":"if","locations":[{"start":{"line":459,"column":8},"end":{"line":461,"column":9}},{"start":{},"end":{}}],"line":459},"56":{"loc":{"start":{"line":468,"column":6},"end":{"line":470,"column":7}},"type":"if","locations":[{"start":{"line":468,"column":6},"end":{"line":470,"column":7}},{"start":{},"end":{}}],"line":468}},"s":{"0":14,"1":14,"2":14,"3":4,"4":4,"5":4,"6":2,"7":2,"8":4,"9":25,"10":21,"11":14,"12":1,"13":1,"14":0,"15":1,"16":1,"17":1,"18":0,"19":1,"20":1,"21":1,"22":1,"23":1,"24":0,"25":1,"26":15,"27":15,"28":1,"29":14,"30":1,"31":15,"32":13,"33":13,"34":13,"35":13,"36":1,"37":1,"38":1,"39":1,"40":13,"41":13,"42":13,"43":0,"44":13,"45":13,"46":1,"47":1,"48":0,"49":1,"50":1,"51":1,"52":1,"53":1,"54":1,"55":1,"56":1,"57":0,"58":13,"59":1,"60":1,"61":3,"62":3,"63":3,"64":1,"65":23,"66":23,"67":23,"68":23,"69":23,"70":23,"71":23,"72":23,"73":14,"74":23,"75":14,"76":7,"77":7,"78":7,"79":7,"80":1,"81":1,"82":1,"83":1,"84":0,"85":13,"86":4,"87":4,"88":1,"89":1,"90":12,"91":12,"92":12,"93":23,"94":23,"95":14,"96":7,"97":7,"98":7,"99":7,"100":6,"101":6,"102":6,"103":6,"104":0,"105":23,"106":7,"107":3,"108":3,"109":3,"110":1,"111":2,"112":2,"113":0,"114":23,"115":14,"116":23,"117":14,"118":4,"119":4,"120":3,"121":3,"122":2,"123":1,"124":4,"125":23,"126":14,"127":1,"128":1,"129":1,"130":1,"131":1,"132":1,"133":1,"134":0,"135":0,"136":1,"137":1,"138":1,"139":23,"140":23,"141":23,"142":10,"143":10,"144":10,"145":1,"146":9,"147":9,"148":2,"149":2,"150":7,"151":9,"152":9,"153":23,"154":14,"155":0,"156":23},"f":{"0":14,"1":4,"2":4,"3":2,"4":25,"5":21,"6":1,"7":1,"8":1,"9":15,"10":13,"11":13,"12":13,"13":1,"14":3,"15":1,"16":23,"17":23,"18":14,"19":14,"20":14,"21":7,"22":14,"23":14,"24":4,"25":3,"26":14,"27":1,"28":1,"29":10,"30":14,"31":0},"b":{"0":[14,7],"1":[0,1],"2":[0,1],"3":[1,1],"4":[1,0],"5":[0,1],"6":[1,14],"7":[1,0],"8":[1,13],"9":[1,0],"10":[0],"11":[12],"12":[1,0],"13":[1,0],"14":[0,13],"15":[0,1],"16":[1,1],"17":[1,0],"18":[1,0],"19":[1,0],"20":[0],"21":[23,23],"22":[21],"23":[7,7],"24":[14,7],"25":[7,0],"26":[1,6],"27":[4,9],"28":[13,9],"29":[1,3],"30":[12,0],"31":[7,7],"32":[14,7],"33":[7,0],"34":[6,1],"35":[6,0],"36":[3,4],"37":[7,3],"38":[3,0],"39":[1,2],"40":[1,13],"41":[4,10],"42":[14,10],"43":[3,1],"44":[2,1],"45":[1,13],"46":[14,13,1,1],"47":[1,0],"48":[1,0],"49":[1,1],"50":[0,1],"51":[1,9],"52":[1,9],"53":[2,7],"54":[9,7],"55":[2,0],"56":[9,0]},"_coverageSchema":"1a1c01bbd47fc00a2c39e90264f33305004495a9","hash":"201ccf6f6b4e93bf2eef7d864beb6f97ca5923ac"}
}
