TN:
SF:src/index.jsx
FN:20,createStore
FN:30,(anonymous_1)
FN:32,(anonymous_2)
FN:40,(anonymous_3)
FN:52,(anonymous_4)
FN:59,(anonymous_5)
FN:80,getUrlParam
FN:91,parsePathScope
FN:94,(anonymous_8)
FN:111,getScopedStorageKey
FN:131,AdvancedStateProvider
FN:136,(anonymous_11)
FN:161,(anonymous_12)
FN:218,debounce
FN:220,(anonymous_14)
FN:223,(anonymous_15)
FN:241,useAdvancedState
FN:246,(anonymous_17)
FN:268,(anonymous_18)
FN:276,(anonymous_19)
FN:318,(anonymous_20)
FN:353,(anonymous_21)
FN:376,(anonymous_22)
FN:384,(anonymous_23)
FN:386,(anonymous_24)
FN:388,(anonymous_25)
FN:399,(anonymous_26)
FN:405,(anonymous_27)
FN:425,(anonymous_28)
FN:440,(anonymous_29)
FN:477,(anonymous_30)
FN:479,(anonymous_31)
FNF:32
FNH:31
FNDA:14,createStore
FNDA:4,(anonymous_1)
FNDA:4,(anonymous_2)
FNDA:2,(anonymous_3)
FNDA:25,(anonymous_4)
FNDA:21,(anonymous_5)
FNDA:1,getUrlParam
FNDA:1,parsePathScope
FNDA:1,(anonymous_8)
FNDA:15,getScopedStorageKey
FNDA:13,AdvancedStateProvider
FNDA:13,(anonymous_11)
FNDA:13,(anonymous_12)
FNDA:1,debounce
FNDA:3,(anonymous_14)
FNDA:1,(anonymous_15)
FNDA:23,useAdvancedState
FNDA:23,(anonymous_17)
FNDA:14,(anonymous_18)
FNDA:14,(anonymous_19)
FNDA:14,(anonymous_20)
FNDA:7,(anonymous_21)
FNDA:14,(anonymous_22)
FNDA:14,(anonymous_23)
FNDA:4,(anonymous_24)
FNDA:3,(anonymous_25)
FNDA:14,(anonymous_26)
FNDA:1,(anonymous_27)
FNDA:1,(anonymous_28)
FNDA:10,(anonymous_29)
FNDA:14,(anonymous_30)
FNDA:0,(anonymous_31)
DA:21,14
DA:22,14
DA:24,14
DA:31,4
DA:32,4
DA:41,2
DA:42,2
DA:43,4
DA:52,25
DA:60,21
DA:61,14
DA:69,1
DA:81,1
DA:82,1
DA:83,1
DA:92,1
DA:93,1
DA:94,1
DA:95,1
DA:96,1
DA:98,1
DA:99,1
DA:112,15
DA:113,15
DA:114,1
DA:115,14
DA:116,1
DA:118,15
DA:136,13
DA:137,13
DA:138,13
DA:141,13
DA:142,1
DA:143,1
DA:145,1
DA:146,1
DA:151,13
DA:161,13
DA:162,13
DA:164,13
DA:166,13
DA:167,1
DA:170,1
DA:171,0
DA:174,1
DA:175,1
DA:181,1
DA:182,1
DA:186,1
DA:187,1
DA:188,1
DA:189,1
DA:193,0
DA:203,13
DA:219,1
DA:220,1
DA:221,3
DA:222,3
DA:223,3
DA:243,23
DA:246,23
DA:247,23
DA:248,23
DA:258,23
DA:262,23
DA:265,23
DA:267,23
DA:268,14
DA:276,23
DA:278,14
DA:279,7
DA:280,7
DA:281,7
DA:282,7
DA:283,1
DA:285,1
DA:287,1
DA:288,1
DA:291,0
DA:299,13
DA:300,4
DA:301,4
DA:302,1
DA:303,1
DA:308,12
DA:309,12
DA:312,12
DA:315,23
DA:318,23
DA:319,14
DA:320,7
DA:325,7
DA:326,7
DA:328,7
DA:329,6
DA:331,6
DA:332,6
DA:333,6
DA:336,0
DA:352,23
DA:354,7
DA:355,3
DA:356,3
DA:358,3
DA:359,1
DA:361,2
DA:362,2
DA:368,0
DA:376,23
DA:377,14
DA:384,23
DA:385,14
DA:386,4
DA:387,4
DA:388,3
DA:389,3
DA:390,1
DA:394,4
DA:399,23
DA:400,14
DA:405,1
DA:406,1
DA:407,1
DA:408,1
DA:409,1
DA:411,1
DA:412,1
DA:413,0
DA:416,0
DA:424,1
DA:425,1
DA:426,1
DA:433,23
DA:434,23
DA:439,23
DA:441,10
DA:443,10
DA:446,10
DA:447,1
DA:451,9
DA:454,9
DA:459,2
DA:460,2
DA:464,7
DA:468,9
DA:469,9
DA:476,23
DA:477,14
DA:479,0
DA:484,23
LF:150
LH:142
BRDA:60,0,0,14
BRDA:60,0,1,7
BRDA:81,1,0,0
BRDA:81,1,1,1
BRDA:92,2,0,0
BRDA:92,2,1,1
BRDA:92,3,0,1
BRDA:92,3,1,1
BRDA:96,4,0,1
BRDA:96,4,1,0
BRDA:98,5,0,0
BRDA:98,5,1,1
BRDA:113,6,0,1
BRDA:113,6,1,14
BRDA:114,7,0,1
BRDA:114,7,1,0
BRDA:115,8,0,1
BRDA:115,8,1,13
BRDA:116,9,0,1
BRDA:116,9,1,0
BRDA:133,10,0,0
BRDA:134,11,0,12
BRDA:142,12,0,1
BRDA:142,12,1,0
BRDA:145,13,0,1
BRDA:145,13,1,0
BRDA:162,14,0,0
BRDA:162,14,1,13
BRDA:170,15,0,0
BRDA:170,15,1,1
BRDA:170,16,0,1
BRDA:170,16,1,1
BRDA:181,17,0,1
BRDA:181,17,1,0
BRDA:186,18,0,1
BRDA:186,18,1,0
BRDA:188,19,0,1
BRDA:188,19,1,0
BRDA:241,20,0,0
BRDA:247,21,0,23
BRDA:247,21,1,23
BRDA:255,22,0,21
BRDA:278,23,0,7
BRDA:278,23,1,7
BRDA:278,24,0,14
BRDA:278,24,1,7
BRDA:280,25,0,7
BRDA:280,25,1,0
BRDA:282,26,0,1
BRDA:282,26,1,6
BRDA:299,27,0,4
BRDA:299,27,1,9
BRDA:299,28,0,13
BRDA:299,28,1,9
BRDA:301,29,0,1
BRDA:301,29,1,3
BRDA:308,30,0,12
BRDA:308,30,1,0
BRDA:319,31,0,7
BRDA:319,31,1,7
BRDA:319,32,0,14
BRDA:319,32,1,7
BRDA:325,33,0,7
BRDA:325,33,1,0
BRDA:328,34,0,6
BRDA:328,34,1,1
BRDA:332,35,0,6
BRDA:332,35,1,0
BRDA:354,36,0,3
BRDA:354,36,1,4
BRDA:354,37,0,7
BRDA:354,37,1,3
BRDA:355,38,0,3
BRDA:355,38,1,0
BRDA:358,39,0,1
BRDA:358,39,1,2
BRDA:378,40,0,1
BRDA:378,40,1,13
BRDA:385,41,0,4
BRDA:385,41,1,10
BRDA:385,42,0,14
BRDA:385,42,1,10
BRDA:387,43,0,3
BRDA:387,43,1,1
BRDA:389,44,0,2
BRDA:389,44,1,1
BRDA:400,45,0,1
BRDA:400,45,1,13
BRDA:401,46,0,14
BRDA:401,46,1,13
BRDA:401,46,2,1
BRDA:401,46,3,1
BRDA:406,47,0,1
BRDA:406,47,1,0
BRDA:407,48,0,1
BRDA:407,48,1,0
BRDA:407,49,0,1
BRDA:407,49,1,1
BRDA:412,50,0,0
BRDA:412,50,1,1
BRDA:443,51,0,1
BRDA:443,51,1,9
BRDA:446,52,0,1
BRDA:446,52,1,9
BRDA:454,53,0,2
BRDA:454,53,1,7
BRDA:455,54,0,9
BRDA:455,54,1,7
BRDA:459,55,0,2
BRDA:459,55,1,0
BRDA:468,56,0,9
BRDA:468,56,1,0
BRF:112
BRH:87
end_of_record
